{
  "RSpec": {
    "coverage": {
      "/Users/gingergriffis/ruby_projects/ticketee/app/models/user.rb": [
        1,
        null,
        null,
        null,
        1,
        null,
        null,
        null,
        null,
        1,
        1,
        1,
        null,
        1,
        12,
        null,
        null
      ],
      "/Users/gingergriffis/ruby_projects/ticketee/app/controllers/application_controller.rb": [
        1,
        1,
        null,
        1,
        1,
        24,
        24,
        0,
        0,
        null,
        null,
        null
      ],
      "/Users/gingergriffis/ruby_projects/ticketee/app/helpers/application_helper.rb": [
        1,
        1,
        50,
        null,
        null,
        1,
        4,
        4,
        4,
        null,
        null,
        null,
        null,
        1,
        4,
        12,
        null,
        null
      ],
      "/Users/gingergriffis/ruby_projects/ticketee/app/helpers/admin/permissions_helper.rb": [
        1,
        1,
        null,
        null,
        null,
        null,
        null,
        16,
        null,
        null
      ],
      "/Users/gingergriffis/ruby_projects/ticketee/app/helpers/admin/users_helper.rb": [
        1,
        null
      ],
      "/Users/gingergriffis/ruby_projects/ticketee/app/helpers/projects_helper.rb": [
        1,
        null
      ],
      "/Users/gingergriffis/ruby_projects/ticketee/app/helpers/tickets_helper.rb": [
        1,
        null
      ],
      "/Users/gingergriffis/ruby_projects/ticketee/app/helpers/users_helper.rb": [
        1,
        null
      ],
      "/Users/gingergriffis/ruby_projects/ticketee/app/controllers/admin/base_controller.rb": [
        1,
        1,
        null,
        1,
        null,
        null
      ],
      "/Users/gingergriffis/ruby_projects/ticketee/app/controllers/admin/permissions_controller.rb": [
        1,
        1,
        1,
        8,
        8,
        null,
        null,
        1,
        4,
        4,
        4,
        4,
        7,
        null,
        null,
        null,
        null,
        4,
        4,
        null,
        1,
        1,
        12,
        null,
        null
      ],
      "/Users/gingergriffis/ruby_projects/ticketee/app/models/permission.rb": [
        1,
        1,
        1,
        1,
        null
      ],
      "/Users/gingergriffis/ruby_projects/ticketee/app/controllers/admin/users_controller.rb": [
        1,
        1,
        null,
        1,
        4,
        null,
        null,
        1,
        null,
        null,
        1,
        0,
        null,
        null,
        1,
        0,
        0,
        0,
        0,
        null,
        0,
        0,
        null,
        null,
        null,
        1,
        null,
        null,
        1,
        0,
        0,
        0,
        0,
        null,
        0,
        0,
        0,
        null,
        0,
        0,
        null,
        null,
        null,
        1,
        0,
        0,
        null,
        0,
        0,
        null,
        0,
        null,
        null,
        1,
        1,
        4,
        null,
        null
      ],
      "/Users/gingergriffis/ruby_projects/ticketee/app/controllers/projects_controller.rb": [
        1,
        1,
        1,
        1,
        null,
        1,
        8,
        null,
        null,
        1,
        0,
        null,
        null,
        1,
        0,
        0,
        0,
        0,
        null,
        0,
        0,
        null,
        null,
        null,
        1,
        null,
        null,
        1,
        null,
        null,
        1,
        0,
        0,
        0,
        null,
        0,
        0,
        null,
        null,
        null,
        1,
        0,
        0,
        0,
        null,
        null,
        1,
        1,
        4,
        null,
        0,
        null,
        0,
        null,
        null
      ],
      "/Users/gingergriffis/ruby_projects/ticketee/app/models/project.rb": [
        1,
        null,
        1,
        1,
        1,
        1,
        null,
        1,
        17,
        null,
        null,
        null,
        1,
        21,
        null,
        null
      ],
      "/Users/gingergriffis/ruby_projects/ticketee/app/controllers/registrations_controller.rb": [
        1,
        1,
        1,
        0,
        null,
        null
      ],
      "/Users/gingergriffis/ruby_projects/ticketee/app/controllers/tickets_controller.rb": [
        1,
        1,
        1,
        1,
        1,
        1,
        1,
        null,
        1,
        1,
        null,
        null,
        1,
        1,
        1,
        1,
        1,
        1,
        null,
        0,
        0,
        null,
        null,
        null,
        1,
        null,
        null,
        1,
        null,
        null,
        1,
        1,
        1,
        1,
        null,
        0,
        0,
        null,
        null,
        null,
        1,
        1,
        1,
        1,
        null,
        null,
        1,
        null,
        1,
        9,
        null,
        0,
        null,
        0,
        null,
        null,
        1,
        7,
        null,
        null,
        1,
        2,
        0,
        0,
        null,
        null,
        null,
        1,
        2,
        0,
        0,
        null,
        null,
        null,
        1,
        1,
        0,
        0,
        null,
        null,
        null
      ],
      "/Users/gingergriffis/ruby_projects/ticketee/app/models/ticket.rb": [
        1,
        1,
        1,
        1,
        1,
        1,
        null,
        null
      ],
      "/Users/gingergriffis/ruby_projects/ticketee/app/controllers/users_controller.rb": [
        1,
        1,
        null,
        null
      ],
      "/Users/gingergriffis/ruby_projects/ticketee/app/models/ability.rb": [
        1,
        1,
        1,
        21,
        33,
        null,
        null,
        16,
        null,
        null,
        null,
        null,
        null
      ]
    },
    "timestamp": 1374301968
  }
}
