{
  "RSpec": {
    "coverage": {
      "/Users/gingergriffis/ruby_projects/ticketee/app/models/user.rb": [
        1,
        null,
        null,
        null,
        1,
        null,
        null,
        null,
        null,
        1,
        1,
        1,
        null,
        1,
        0,
        null,
        null
      ],
      "/Users/gingergriffis/ruby_projects/ticketee/app/controllers/application_controller.rb": [
        1,
        1,
        null,
        1,
        1,
        0,
        0,
        0,
        0,
        null,
        null,
        null
      ],
      "/Users/gingergriffis/ruby_projects/ticketee/app/helpers/application_helper.rb": [
        1,
        1,
        32,
        null,
        null,
        1,
        4,
        4,
        4,
        null,
        null,
        null,
        null,
        1,
        4,
        8,
        null,
        null
      ],
      "/Users/gingergriffis/ruby_projects/ticketee/app/helpers/admin/permissions_helper.rb": [
        1,
        1,
        null,
        null,
        null,
        null,
        null,
        0,
        null,
        null
      ],
      "/Users/gingergriffis/ruby_projects/ticketee/app/helpers/admin/users_helper.rb": [
        1,
        null
      ],
      "/Users/gingergriffis/ruby_projects/ticketee/app/helpers/files_helper.rb": [
        1,
        null
      ],
      "/Users/gingergriffis/ruby_projects/ticketee/app/helpers/projects_helper.rb": [
        1,
        null
      ],
      "/Users/gingergriffis/ruby_projects/ticketee/app/helpers/tickets_helper.rb": [
        1,
        null
      ],
      "/Users/gingergriffis/ruby_projects/ticketee/app/helpers/users_helper.rb": [
        1,
        null
      ],
      "/Users/gingergriffis/ruby_projects/ticketee/app/controllers/admin/base_controller.rb": [
        1,
        1,
        null,
        1,
        null,
        null
      ],
      "/Users/gingergriffis/ruby_projects/ticketee/app/controllers/admin/permissions_controller.rb": [
        1,
        1,
        1,
        0,
        0,
        null,
        null,
        1,
        0,
        0,
        0,
        0,
        0,
        null,
        null,
        null,
        null,
        0,
        0,
        null,
        1,
        1,
        0,
        null,
        null
      ],
      "/Users/gingergriffis/ruby_projects/ticketee/app/models/permission.rb": [
        1,
        1,
        1,
        1,
        null
      ],
      "/Users/gingergriffis/ruby_projects/ticketee/app/controllers/admin/users_controller.rb": [
        1,
        1,
        null,
        1,
        0,
        null,
        null,
        1,
        null,
        null,
        1,
        0,
        null,
        null,
        1,
        0,
        0,
        0,
        0,
        null,
        0,
        0,
        null,
        null,
        null,
        1,
        null,
        null,
        1,
        0,
        0,
        0,
        0,
        null,
        0,
        0,
        0,
        null,
        0,
        0,
        null,
        null,
        null,
        1,
        0,
        0,
        null,
        0,
        0,
        null,
        0,
        null,
        null,
        1,
        1,
        0,
        null,
        null
      ],
      "/Users/gingergriffis/ruby_projects/ticketee/app/controllers/files_controller.rb": [
        1,
        1,
        1,
        0,
        0,
        0,
        null,
        null,
        null,
        0,
        0,
        null,
        null,
        null
      ],
      "/Users/gingergriffis/ruby_projects/ticketee/app/controllers/projects_controller.rb": [
        1,
        1,
        1,
        1,
        null,
        1,
        8,
        null,
        null,
        1,
        0,
        null,
        null,
        1,
        0,
        0,
        0,
        0,
        null,
        0,
        0,
        null,
        null,
        null,
        1,
        null,
        null,
        1,
        null,
        null,
        1,
        0,
        0,
        0,
        null,
        0,
        0,
        null,
        null,
        null,
        1,
        0,
        0,
        0,
        null,
        null,
        1,
        1,
        4,
        null,
        0,
        null,
        0,
        null,
        null
      ],
      "/Users/gingergriffis/ruby_projects/ticketee/app/models/project.rb": [
        1,
        null,
        1,
        1,
        1,
        1,
        null,
        1,
        22,
        null,
        null,
        null,
        1,
        22,
        null,
        null
      ],
      "/Users/gingergriffis/ruby_projects/ticketee/app/controllers/registrations_controller.rb": [
        1,
        1,
        1,
        0,
        null,
        null
      ],
      "/Users/gingergriffis/ruby_projects/ticketee/app/controllers/tickets_controller.rb": [
        1,
        1,
        1,
        1,
        1,
        1,
        1,
        null,
        1,
        4,
        16,
        null,
        null,
        1,
        4,
        4,
        4,
        2,
        2,
        null,
        2,
        2,
        null,
        null,
        null,
        1,
        null,
        null,
        1,
        null,
        null,
        1,
        0,
        0,
        0,
        null,
        0,
        0,
        null,
        null,
        null,
        1,
        0,
        0,
        0,
        null,
        null,
        1,
        null,
        1,
        10,
        null,
        0,
        null,
        0,
        null,
        null,
        1,
        2,
        null,
        null,
        1,
        8,
        0,
        0,
        null,
        null,
        null,
        1,
        0,
        0,
        0,
        null,
        null,
        null,
        1,
        0,
        0,
        0,
        null,
        null,
        null
      ],
      "/Users/gingergriffis/ruby_projects/ticketee/app/models/ticket.rb": [
        1,
        1,
        1,
        1,
        1,
        1,
        null,
        1,
        1,
        null
      ],
      "/Users/gingergriffis/ruby_projects/ticketee/app/controllers/users_controller.rb": [
        1,
        1,
        null,
        null
      ],
      "/Users/gingergriffis/ruby_projects/ticketee/app/models/ability.rb": [
        1,
        1,
        1,
        14,
        28,
        null,
        null,
        12,
        null,
        null,
        null,
        null,
        null
      ],
      "/Users/gingergriffis/ruby_projects/ticketee/app/models/asset.rb": [
        1,
        1,
        1,
        null,
        1,
        null
      ]
    },
    "timestamp": 1375736635
  }
}
